# JRE version: Java(TM) SE Runtime Environment (8.0_121-b13) (build 1.8.0_121-b13)
# Java VM: Java HotSpot(TM) 64-Bit Server VM (25.121-b13 mixed mode windows-amd64 compressed oops)
Heap:
 PSYoungGen      total 225280K, used 223669K [0x00000000e0000000, 0x00000000f1c00000, 0x0000000100000000)
  eden space 202752K, 99% used [0x00000000e0000000,0x00000000ec46e848,0x00000000ec600000)
  from space 22528K, 99% used [0x00000000ec600000,0x00000000edbfedb0,0x00000000edc00000)
  to   space 27648K, 0% used [0x00000000f0100000,0x00000000f0100000,0x00000000f1c00000)
 ParOldGen       total 63488K, used 52832K [0x00000000a0000000, 0x00000000a3e00000, 0x00000000e0000000)
  object space 63488K, 83% used [0x00000000a0000000,0x00000000a3398230,0x00000000a3e00000)
 Metaspace       used 64502K, capacity 67126K, committed 67328K, reserved 1107968K
  class space    used 8660K, capacity 9204K, committed 9216K, reserved 1048576K
GC Heap History (10 events):
Event: 26.854 GC heap before
{Heap before GC invocations=14 (full 2):
 PSYoungGen      total 168960K, used 101624K [0x00000000e0000000, 0x00000000ed980000, 0x0000000100000000)
  eden space 154112K, 56% used [0x00000000e0000000,0x00000000e54c1d78,0x00000000e9680000)
  from space 14848K, 99% used [0x00000000e9680000,0x00000000ea4fc388,0x00000000ea500000)
  to   space 19456K, 0% used [0x00000000ec680000,0x00000000ec680000,0x00000000ed980000)
 ParOldGen       total 63488K, used 26875K [0x00000000a0000000, 0x00000000a3e00000, 0x00000000e0000000)
  object space 63488K, 42% used [0x00000000a0000000,0x00000000a1a3ec28,0x00000000a3e00000)
 Metaspace       used 52232K, capacity 54330K, committed 54400K, reserved 1095680K
  class space    used 7291K, capacity 7788K, committed 7808K, reserved 1048576K
Event: 26.982 GC heap after
Heap after GC invocations=14 (full 2):
 PSYoungGen      total 197632K, used 19436K [0x00000000e0000000, 0x00000000ee480000, 0x0000000100000000)
  eden space 178176K, 0% used [0x00000000e0000000,0x00000000e0000000,0x00000000eae00000)
  from space 19456K, 99% used [0x00000000ec680000,0x00000000ed97b080,0x00000000ed980000)
  to   space 25088K, 0% used [0x00000000eae00000,0x00000000eae00000,0x00000000ec680000)
 ParOldGen       total 63488K, used 33737K [0x00000000a0000000, 0x00000000a3e00000, 0x00000000e0000000)
  object space 63488K, 53% used [0x00000000a0000000,0x00000000a20f2540,0x00000000a3e00000)
 Metaspace       used 52232K, capacity 54330K, committed 54400K, reserved 1095680K
  class space    used 7291K, capacity 7788K, committed 7808K, reserved 1048576K
}
Event: 26.982 GC heap before
{Heap before GC invocations=15 (full 3):
 PSYoungGen      total 197632K, used 19436K [0x00000000e0000000, 0x00000000ee480000, 0x0000000100000000)
  eden space 178176K, 0% used [0x00000000e0000000,0x00000000e0000000,0x00000000eae00000)
  from space 19456K, 99% used [0x00000000ec680000,0x00000000ed97b080,0x00000000ed980000)
  to   space 25088K, 0% used [0x00000000eae00000,0x00000000eae00000,0x00000000ec680000)
 ParOldGen       total 63488K, used 33737K [0x00000000a0000000, 0x00000000a3e00000, 0x00000000e0000000)
  object space 63488K, 53% used [0x00000000a0000000,0x00000000a20f2540,0x00000000a3e00000)
 Metaspace       used 52232K, capacity 54330K, committed 54400K, reserved 1095680K
  class space    used 7291K, capacity 7788K, committed 7808K, reserved 1048576K
Event: 27.480 GC heap after
Heap after GC invocations=15 (full 3):
 PSYoungGen      total 197632K, used 0K [0x00000000e0000000, 0x00000000ee480000, 0x0000000100000000)
  eden space 178176K, 0% used [0x00000000e0000000,0x00000000e0000000,0x00000000eae00000)
  from space 19456K, 0% used [0x00000000ec680000,0x00000000ec680000,0x00000000ed980000)
  to   space 25088K, 0% used [0x00000000eae00000,0x00000000eae00000,0x00000000ec680000)
 ParOldGen       total 63488K, used 47332K [0x00000000a0000000, 0x00000000a3e00000, 0x00000000e0000000)
  object space 63488K, 74% used [0x00000000a0000000,0x00000000a2e39058,0x00000000a3e00000)
 Metaspace       used 52232K, capacity 54330K, committed 54400K, reserved 1095680K
  class space    used 7291K, capacity 7788K, committed 7808K, reserved 1048576K
}
Event: 36.299 GC heap before
{Heap before GC invocations=16 (full 3):
 PSYoungGen      total 197632K, used 178176K [0x00000000e0000000, 0x00000000ee480000, 0x0000000100000000)
  eden space 178176K, 100% used [0x00000000e0000000,0x00000000eae00000,0x00000000eae00000)
  from space 19456K, 0% used [0x00000000ec680000,0x00000000ec680000,0x00000000ed980000)
  to   space 25088K, 0% used [0x00000000eae00000,0x00000000eae00000,0x00000000ec680000)
 ParOldGen       total 63488K, used 47332K [0x00000000a0000000, 0x00000000a3e00000, 0x00000000e0000000)
  object space 63488K, 74% used [0x00000000a0000000,0x00000000a2e39058,0x00000000a3e00000)
 Metaspace       used 54916K, capacity 57200K, committed 57344K, reserved 1097728K
  class space    used 7593K, capacity 8089K, committed 8192K, reserved 1048576K
Event: 36.367 GC heap after
Heap after GC invocations=16 (full 3):
 PSYoungGen      total 203264K, used 9812K [0x00000000e0000000, 0x00000000ef980000, 0x0000000100000000)
  eden space 178176K, 0% used [0x00000000e0000000,0x00000000e0000000,0x00000000eae00000)
  from space 25088K, 39% used [0x00000000eae00000,0x00000000eb7951f0,0x00000000ec680000)
  to   space 23552K, 0% used [0x00000000ee280000,0x00000000ee280000,0x00000000ef980000)
 ParOldGen       total 63488K, used 47340K [0x00000000a0000000, 0x00000000a3e00000, 0x00000000e0000000)
  object space 63488K, 74% used [0x00000000a0000000,0x00000000a2e3b058,0x00000000a3e00000)
 Metaspace       used 54916K, capacity 57200K, committed 57344K, reserved 1097728K
  class space    used 7593K, capacity 8089K, committed 8192K, reserved 1048576K
}
Event: 79.046 GC heap before
{Heap before GC invocations=17 (full 3):
 PSYoungGen      total 203264K, used 187988K [0x00000000e0000000, 0x00000000ef980000, 0x0000000100000000)
  eden space 178176K, 100% used [0x00000000e0000000,0x00000000eae00000,0x00000000eae00000)
  from space 25088K, 39% used [0x00000000eae00000,0x00000000eb7951f0,0x00000000ec680000)
  to   space 23552K, 0% used [0x00000000ee280000,0x00000000ee280000,0x00000000ef980000)
 ParOldGen       total 63488K, used 47340K [0x00000000a0000000, 0x00000000a3e00000, 0x00000000e0000000)
  object space 63488K, 74% used [0x00000000a0000000,0x00000000a2e3b058,0x00000000a3e00000)
 Metaspace       used 57610K, capacity 60096K, committed 60288K, reserved 1101824K
  class space    used 7929K, capacity 8465K, committed 8576K, reserved 1048576K
Event: 79.074 GC heap after
Heap after GC invocations=17 (full 3):
 PSYoungGen      total 218624K, used 10573K [0x00000000e0000000, 0x00000000ef200000, 0x0000000100000000)
  eden space 202752K, 0% used [0x00000000e0000000,0x00000000e0000000,0x00000000ec600000)
  from space 15872K, 66% used [0x00000000ee280000,0x00000000eecd3500,0x00000000ef200000)
  to   space 22528K, 0% used [0x00000000ec600000,0x00000000ec600000,0x00000000edc00000)
 ParOldGen       total 63488K, used 47348K [0x00000000a0000000, 0x00000000a3e00000, 0x00000000e0000000)
  object space 63488K, 74% used [0x00000000a0000000,0x00000000a2e3d058,0x00000000a3e00000)
 Metaspace       used 57610K, capacity 60096K, committed 60288K, reserved 1101824K
  class space    used 7929K, capacity 8465K, committed 8576K, reserved 1048576K
}
Event: 91.015 GC heap before
{Heap before GC invocations=18 (full 3):
 PSYoungGen      total 218624K, used 213325K [0x00000000e0000000, 0x00000000ef200000, 0x0000000100000000)
  eden space 202752K, 100% used [0x00000000e0000000,0x00000000ec600000,0x00000000ec600000)
  from space 15872K, 66% used [0x00000000ee280000,0x00000000eecd3500,0x00000000ef200000)
  to   space 22528K, 0% used [0x00000000ec600000,0x00000000ec600000,0x00000000edc00000)
 ParOldGen       total 63488K, used 47348K [0x00000000a0000000, 0x00000000a3e00000, 0x00000000e0000000)
  object space 63488K, 74% used [0x00000000a0000000,0x00000000a2e3d058,0x00000000a3e00000)
 Metaspace       used 59018K, capacity 61508K, committed 61568K, reserved 1101824K
  class space    used 8030K, capacity 8551K, committed 8576K, reserved 1048576K
Event: 91.315 GC heap after
Heap after GC invocations=18 (full 3):
 PSYoungGen      total 225280K, used 22523K [0x00000000e0000000, 0x00000000f1c00000, 0x0000000100000000)
  eden space 202752K, 0% used [0x00000000e0000000,0x00000000e0000000,0x00000000ec600000)
  from space 22528K, 99% used [0x00000000ec600000,0x00000000edbfedb0,0x00000000edc00000)
  to   space 27648K, 0% used [0x00000000f0100000,0x00000000f0100000,0x00000000f1c00000)
 ParOldGen       total 63488K, used 52832K [0x00000000a0000000, 0x00000000a3e00000, 0x00000000e0000000)
  object space 63488K, 83% used [0x00000000a0000000,0x00000000a3398230,0x00000000a3e00000)
 Metaspace       used 59018K, capacity 61508K, committed 61568K, reserved 1101824K
  class space    used 8030K, capacity 8551K, committed 8576K, reserved 1048576K
}

