# JRE version: Java(TM) SE Runtime Environment (8.0_121-b13) (build 1.8.0_121-b13)
# Java VM: Java HotSpot(TM) 64-Bit Server VM (25.121-b13 mixed mode windows-amd64 compressed oops)
Heap:
 PSYoungGen      total 333312K, used 135057K [0x00000000e0000000, 0x00000000f9500000, 0x0000000100000000)
  eden space 314368K, 39% used [0x00000000e0000000,0x00000000e77ff640,0x00000000f3300000)
  from space 18944K, 64% used [0x00000000f4600000,0x00000000f51e50d8,0x00000000f5880000)
  to   space 19456K, 0% used [0x00000000f3300000,0x00000000f3300000,0x00000000f4600000)
 ParOldGen       total 90624K, used 54773K [0x00000000a0000000, 0x00000000a5880000, 0x00000000e0000000)
  object space 90624K, 60% used [0x00000000a0000000,0x00000000a357d4d0,0x00000000a5880000)
 Metaspace       used 67763K, capacity 70578K, committed 70784K, reserved 1112064K
  class space    used 8967K, capacity 9554K, committed 9600K, reserved 1048576K
GC Heap History (10 events):
Event: 42.666 GC heap before
{Heap before GC invocations=20 (full 4):
 PSYoungGen      total 247808K, used 233480K [0x00000000e0000000, 0x00000000f0180000, 0x0000000100000000)
  eden space 232960K, 100% used [0x00000000e0000000,0x00000000ee380000,0x00000000ee380000)
  from space 14848K, 3% used [0x00000000ef300000,0x00000000ef382238,0x00000000f0180000)
  to   space 15360K, 0% used [0x00000000ee380000,0x00000000ee380000,0x00000000ef280000)
 ParOldGen       total 46080K, used 46035K [0x00000000a0000000, 0x00000000a2d00000, 0x00000000e0000000)
  object space 46080K, 99% used [0x00000000a0000000,0x00000000a2cf4fd8,0x00000000a2d00000)
 Metaspace       used 56616K, capacity 58910K, committed 59008K, reserved 1099776K
  class space    used 7784K, capacity 8300K, committed 8320K, reserved 1048576K
Event: 43.250 GC heap after
Heap after GC invocations=20 (full 4):
 PSYoungGen      total 247808K, used 6007K [0x00000000e0000000, 0x00000000f0180000, 0x0000000100000000)
  eden space 232960K, 2% used [0x00000000e0000000,0x00000000e05ddf90,0x00000000ee380000)
  from space 14848K, 0% used [0x00000000ef300000,0x00000000ef300000,0x00000000f0180000)
  to   space 15360K, 0% used [0x00000000ee380000,0x00000000ee380000,0x00000000ef280000)
 ParOldGen       total 90624K, used 46003K [0x00000000a0000000, 0x00000000a5880000, 0x00000000e0000000)
  object space 90624K, 50% used [0x00000000a0000000,0x00000000a2cecec0,0x00000000a5880000)
 Metaspace       used 56614K, capacity 58904K, committed 59008K, reserved 1099776K
  class space    used 7783K, capacity 8299K, committed 8320K, reserved 1048576K
}
Event: 277.146 GC heap before
{Heap before GC invocations=21 (full 4):
 PSYoungGen      total 247808K, used 232960K [0x00000000e0000000, 0x00000000f0180000, 0x0000000100000000)
  eden space 232960K, 100% used [0x00000000e0000000,0x00000000ee380000,0x00000000ee380000)
  from space 14848K, 0% used [0x00000000ef300000,0x00000000ef300000,0x00000000f0180000)
  to   space 15360K, 0% used [0x00000000ee380000,0x00000000ee380000,0x00000000ef280000)
 ParOldGen       total 90624K, used 46003K [0x00000000a0000000, 0x00000000a5880000, 0x00000000e0000000)
  object space 90624K, 50% used [0x00000000a0000000,0x00000000a2cecec0,0x00000000a5880000)
 Metaspace       used 58596K, capacity 61048K, committed 61312K, reserved 1101824K
  class space    used 7982K, capacity 8511K, committed 8576K, reserved 1048576K
Event: 277.875 GC heap after
Heap after GC invocations=21 (full 4):
 PSYoungGen      total 248320K, used 14557K [0x00000000e0000000, 0x00000000f4980000, 0x0000000100000000)
  eden space 232960K, 0% used [0x00000000e0000000,0x00000000e0000000,0x00000000ee380000)
  from space 15360K, 94% used [0x00000000ee380000,0x00000000ef1b7518,0x00000000ef280000)
  to   space 17408K, 0% used [0x00000000f3880000,0x00000000f3880000,0x00000000f4980000)
 ParOldGen       total 90624K, used 46059K [0x00000000a0000000, 0x00000000a5880000, 0x00000000e0000000)
  object space 90624K, 50% used [0x00000000a0000000,0x00000000a2cfaec0,0x00000000a5880000)
 Metaspace       used 58596K, capacity 61048K, committed 61312K, reserved 1101824K
  class space    used 7982K, capacity 8511K, committed 8576K, reserved 1048576K
}
Event: 297.502 GC heap before
{Heap before GC invocations=22 (full 4):
 PSYoungGen      total 248320K, used 247517K [0x00000000e0000000, 0x00000000f4980000, 0x0000000100000000)
  eden space 232960K, 100% used [0x00000000e0000000,0x00000000ee380000,0x00000000ee380000)
  from space 15360K, 94% used [0x00000000ee380000,0x00000000ef1b7518,0x00000000ef280000)
  to   space 17408K, 0% used [0x00000000f3880000,0x00000000f3880000,0x00000000f4980000)
 ParOldGen       total 90624K, used 46059K [0x00000000a0000000, 0x00000000a5880000, 0x00000000e0000000)
  object space 90624K, 50% used [0x00000000a0000000,0x00000000a2cfaec0,0x00000000a5880000)
 Metaspace       used 59731K, capacity 62276K, committed 62464K, reserved 1103872K
  class space    used 8091K, capacity 8629K, committed 8704K, reserved 1048576K
Event: 297.538 GC heap after
Heap after GC invocations=22 (full 4):
 PSYoungGen      total 278528K, used 4882K [0x00000000e0000000, 0x00000000f3d80000, 0x0000000100000000)
  eden space 273408K, 0% used [0x00000000e0000000,0x00000000e0000000,0x00000000f0b00000)
  from space 5120K, 95% used [0x00000000f3880000,0x00000000f3d44bc0,0x00000000f3d80000)
  to   space 16896K, 0% used [0x00000000f1c80000,0x00000000f1c80000,0x00000000f2d00000)
 ParOldGen       total 90624K, used 54741K [0x00000000a0000000, 0x00000000a5880000, 0x00000000e0000000)
  object space 90624K, 60% used [0x00000000a0000000,0x00000000a35754d0,0x00000000a5880000)
 Metaspace       used 59731K, capacity 62276K, committed 62464K, reserved 1103872K
  class space    used 8091K, capacity 8629K, committed 8704K, reserved 1048576K
}
Event: 312.992 GC heap before
{Heap before GC invocations=23 (full 4):
 PSYoungGen      total 278528K, used 277551K [0x00000000e0000000, 0x00000000f3d80000, 0x0000000100000000)
  eden space 273408K, 99% used [0x00000000e0000000,0x00000000f0a470f8,0x00000000f0b00000)
  from space 5120K, 95% used [0x00000000f3880000,0x00000000f3d44bc0,0x00000000f3d80000)
  to   space 16896K, 0% used [0x00000000f1c80000,0x00000000f1c80000,0x00000000f2d00000)
 ParOldGen       total 90624K, used 54741K [0x00000000a0000000, 0x00000000a5880000, 0x00000000e0000000)
  object space 90624K, 60% used [0x00000000a0000000,0x00000000a35754d0,0x00000000a5880000)
 Metaspace       used 66393K, capacity 69052K, committed 69376K, reserved 1110016K
  class space    used 8805K, capacity 9373K, committed 9472K, reserved 1048576K
Event: 313.038 GC heap after
Heap after GC invocations=23 (full 4):
 PSYoungGen      total 308224K, used 14912K [0x00000000e0000000, 0x00000000f5880000, 0x0000000100000000)
  eden space 291328K, 0% used [0x00000000e0000000,0x00000000e0000000,0x00000000f1c80000)
  from space 16896K, 88% used [0x00000000f1c80000,0x00000000f2b10298,0x00000000f2d00000)
  to   space 18944K, 0% used [0x00000000f4600000,0x00000000f4600000,0x00000000f5880000)
 ParOldGen       total 90624K, used 54765K [0x00000000a0000000, 0x00000000a5880000, 0x00000000e0000000)
  object space 90624K, 60% used [0x00000000a0000000,0x00000000a357b4d0,0x00000000a5880000)
 Metaspace       used 66393K, capacity 69052K, committed 69376K, reserved 1110016K
  class space    used 8805K, capacity 9373K, committed 9472K, reserved 1048576K
}
Event: 313.188 GC heap before
{Heap before GC invocations=24 (full 4):
 PSYoungGen      total 308224K, used 305886K [0x00000000e0000000, 0x00000000f5880000, 0x0000000100000000)
  eden space 291328K, 99% used [0x00000000e0000000,0x00000000f1c276e8,0x00000000f1c80000)
  from space 16896K, 88% used [0x00000000f1c80000,0x00000000f2b10298,0x00000000f2d00000)
  to   space 18944K, 0% used [0x00000000f4600000,0x00000000f4600000,0x00000000f5880000)
 ParOldGen       total 90624K, used 54765K [0x00000000a0000000, 0x00000000a5880000, 0x00000000e0000000)
  object space 90624K, 60% used [0x00000000a0000000,0x00000000a357b4d0,0x00000000a5880000)
 Metaspace       used 66400K, capacity 69116K, committed 69376K, reserved 1110016K
  class space    used 8805K, capacity 9373K, committed 9472K, reserved 1048576K
Event: 313.225 GC heap after
Heap after GC invocations=24 (full 4):
 PSYoungGen      total 333312K, used 12180K [0x00000000e0000000, 0x00000000f9500000, 0x0000000100000000)
  eden space 314368K, 0% used [0x00000000e0000000,0x00000000e0000000,0x00000000f3300000)
  from space 18944K, 64% used [0x00000000f4600000,0x00000000f51e50d8,0x00000000f5880000)
  to   space 19456K, 0% used [0x00000000f3300000,0x00000000f3300000,0x00000000f4600000)
 ParOldGen       total 90624K, used 54773K [0x00000000a0000000, 0x00000000a5880000, 0x00000000e0000000)
  object space 90624K, 60% used [0x00000000a0000000,0x00000000a357d4d0,0x00000000a5880000)
 Metaspace       used 66400K, capacity 69116K, committed 69376K, reserved 1110016K
  class space    used 8805K, capacity 9373K, committed 9472K, reserved 1048576K
}

